Fri Sep 12 01:40:47 UTC 2025 Random automated commit
Fri Sep 12 18:15:29 UTC 2025 Random automated commit 24517
Sat Sep 13 09:08:55 UTC 2025 Random automated commit 21094
Sat Sep 13 17:14:55 UTC 2025 Random automated commit 14824
Commit 1 at Sun Sep 14 09:08:54 UTC 2025 24244
Commit 2 at Sun Sep 14 09:08:54 UTC 2025 8632
Commit 1 at Sun Sep 14 17:14:59 UTC 2025 30178
Commit 2 at Sun Sep 14 17:14:59 UTC 2025 20024
Commit 1 at Mon Sep 15 09:12:25 UTC 2025 14271
Commit 2 at Mon Sep 15 09:12:25 UTC 2025 6938
Commit 1 at Mon Sep 15 17:17:56 UTC 2025 16077
Commit 2 at Mon Sep 15 17:17:56 UTC 2025 1215
Commit 1 at Tue Sep 16 09:11:38 UTC 2025 31269
Commit 2 at Tue Sep 16 09:11:38 UTC 2025 29647
Commit 1 at Tue Sep 16 17:18:17 UTC 2025 31078
Commit 2 at Tue Sep 16 17:18:17 UTC 2025 23670
Commit 1 at Wed Sep 17 09:11:19 UTC 2025 3272
Commit 2 at Wed Sep 17 09:11:19 UTC 2025 31062
Commit 1 at Wed Sep 17 17:17:41 UTC 2025 26059
Commit 2 at Wed Sep 17 17:17:41 UTC 2025 25746
Commit 1 at Thu Sep 18 09:11:06 UTC 2025 21182
